<?xml version="1.0" encoding="UTF-8"?>
<testsuites>
  <testsuite name="UserServiceConsumerTest" file="/var/www/html/tests/Pact/Consumer/UserServiceConsumerTest.php" tests="1" assertions="0" errors="1" failures="0" skipped="0" time="0.000000">
    <testcase name="testMyConsumer" file="/var/www/html/tests/Pact/Consumer/UserServiceConsumerTest.php" line="20" class="UserServiceConsumerTest" classname="UserServiceConsumerTest" assertions="0" time="0.000000">
      <error type="ArgumentCountError">UserServiceConsumerTest::testMyConsumer
ArgumentCountError: Too few arguments to function PhpPact\Standalone\MockService\MockServer::__construct(), 0 passed in /var/www/html/tests/Pact/Consumer/UserServiceConsumerTest.php on line 14 and at least 1 expected

/var/www/html/vendor/pact-foundation/pact-php/src/PhpPact/Standalone/MockService/MockServer.php:38
/var/www/html/tests/Pact/Consumer/UserServiceConsumerTest.php:14</error>
    </testcase>
  </testsuite>
</testsuites>
